<?xml version="1.0" encoding="UTF-8"?>
<testsuite xmlns:xsi="http://www.w3.org/2001/XMLSchema-instance" xsi:noNamespaceSchemaLocation="https://maven.apache.org/surefire/maven-surefire-plugin/xsd/surefire-test-report.xsd" version="3.0.2" name="com.tecsup.backendadmin.BackEndAdminApplicationTests" time="23.971" tests="3" errors="0" skipped="0" failures="0">
  <properties>
[...]
</properties>
  <testcase name="testObtenerAños" classname="com.tecsup.backendadmin.BackEndAdminApplicationTests" time="1.55">
    <system-out><![CDATA[20:38:00.771 [main] INFO org.springframework.test.context.support.AnnotationConfigContextLoaderUtils -- Could not detect default configuration classes for test class [com.tecsup.backendadmin.BackEndAdminApplicationTests]: BackEndAdminApplicationTests does not declare any static, non-private, non-final, nested classes annotated with @Configuration.
20:38:00.905 [main] INFO org.springframework.boot.test.context.SpringBootTestContextBootstrapper -- Found @SpringBootConfiguration com.tecsup.backendadmin.BackEndAdminApplication for test class com.tecsup.backendadmin.BackEndAdminApplicationTests
20:38:01.097 [main] INFO org.springframework.boot.devtools.restart.RestartApplicationListener -- Restart disabled due to context in which it is running

  .   ____          _            __ _ _
 /\\ / ___'_ __ _ _(_)_ __  __ _ \ \ \ \
( ( )\___ | '_ | '_| | '_ \/ _` | \ \ \ \
 \\/  ___)| |_)| | | | | || (_| |  ) ) ) )
  '  |____| .__|_| |_|_| |_\__, | / / / /
 =========|_|==============|___/=/_/_/_/

 :: Spring Boot ::                (v3.4.0)

2024-12-09T20:38:01.539-05:00  INFO 10672 --- [           main] c.t.b.BackEndAdminApplicationTests       : Starting BackEndAdminApplicationTests using Java 22.0.2 with PID 10672 (started by Windows in D:\ProyectoIntegrador\BackEndAdmin)
2024-12-09T20:38:01.540-05:00  INFO 10672 --- [           main] c.t.b.BackEndAdminApplicationTests       : No active profile set, falling back to 1 default profile: "default"
2024-12-09T20:38:02.359-05:00  INFO 10672 --- [           main] .s.d.r.c.RepositoryConfigurationDelegate : Bootstrapping Spring Data JPA repositories in DEFAULT mode.
2024-12-09T20:38:02.450-05:00  INFO 10672 --- [           main] .s.d.r.c.RepositoryConfigurationDelegate : Finished Spring Data repository scanning in 73 ms. Found 9 JPA repository interfaces.
2024-12-09T20:38:03.179-05:00  INFO 10672 --- [           main] o.s.b.w.embedded.tomcat.TomcatWebServer  : Tomcat initialized with port 0 (http)
2024-12-09T20:38:03.195-05:00  INFO 10672 --- [           main] o.apache.catalina.core.StandardService   : Starting service [Tomcat]
2024-12-09T20:38:03.195-05:00  INFO 10672 --- [           main] o.apache.catalina.core.StandardEngine    : Starting Servlet engine: [Apache Tomcat/10.1.33]
2024-12-09T20:38:03.276-05:00  INFO 10672 --- [           main] o.a.c.c.C.[Tomcat].[localhost].[/]       : Initializing Spring embedded WebApplicationContext
2024-12-09T20:38:03.278-05:00  INFO 10672 --- [           main] w.s.c.ServletWebServerApplicationContext : Root WebApplicationContext: initialization completed in 1712 ms
2024-12-09T20:38:03.545-05:00  INFO 10672 --- [           main] o.hibernate.jpa.internal.util.LogHelper  : HHH000204: Processing PersistenceUnitInfo [name: default]
2024-12-09T20:38:03.625-05:00  INFO 10672 --- [           main] org.hibernate.Version                    : HHH000412: Hibernate ORM core version 6.6.2.Final
2024-12-09T20:38:03.670-05:00  INFO 10672 --- [           main] o.h.c.internal.RegionFactoryInitiator    : HHH000026: Second-level cache disabled
2024-12-09T20:38:04.019-05:00  INFO 10672 --- [           main] o.s.o.j.p.SpringPersistenceUnitInfo      : No LoadTimeWeaver setup: ignoring JPA class transformer
2024-12-09T20:38:04.054-05:00  INFO 10672 --- [           main] com.zaxxer.hikari.HikariDataSource       : HikariPool-1 - Starting...
2024-12-09T20:38:05.897-05:00  INFO 10672 --- [           main] com.zaxxer.hikari.pool.HikariPool        : HikariPool-1 - Added connection org.postgresql.jdbc.PgConnection@34070bd2
2024-12-09T20:38:05.899-05:00  INFO 10672 --- [           main] com.zaxxer.hikari.HikariDataSource       : HikariPool-1 - Start completed.
2024-12-09T20:38:06.094-05:00  WARN 10672 --- [           main] org.hibernate.orm.deprecation            : HHH90000025: PostgreSQLDialect does not need to be specified explicitly using 'hibernate.dialect' (remove the property setting and it will be selected by default)
2024-12-09T20:38:06.433-05:00  INFO 10672 --- [           main] org.hibernate.orm.connections.pooling    : HHH10001005: Database info:
	Database JDBC URL [Connecting through datasource 'HikariDataSource (HikariPool-1)']
	Database driver: undefined/unknown
	Database version: 16.4
	Autocommit mode: undefined/unknown
	Isolation level: undefined/unknown
	Minimum pool size: undefined/unknown
	Maximum pool size: undefined/unknown
2024-12-09T20:38:07.607-05:00  INFO 10672 --- [           main] o.h.e.t.j.p.i.JtaPlatformInitiator       : HHH000489: No JTA platform available (set 'hibernate.transaction.jta.platform' to enable JTA platform integration)
2024-12-09T20:38:19.145-05:00  INFO 10672 --- [           main] j.LocalContainerEntityManagerFactoryBean : Initialized JPA EntityManagerFactory for persistence unit 'default'
2024-12-09T20:38:19.597-05:00  WARN 10672 --- [           main] JpaBaseConfiguration$JpaWebConfiguration : spring.jpa.open-in-view is enabled by default. Therefore, database queries may be performed during view rendering. Explicitly configure spring.jpa.open-in-view to disable this warning
2024-12-09T20:38:19.641-05:00  WARN 10672 --- [           main] .s.s.UserDetailsServiceAutoConfiguration : 

Using generated security password: b0074bfc-76d3-4596-9afe-10deb93ef2ba

This generated password is for development use only. Your security configuration must be updated before running your application in production.

2024-12-09T20:38:19.659-05:00  INFO 10672 --- [           main] r$InitializeUserDetailsManagerConfigurer : Global AuthenticationManager configured with UserDetailsService bean with name inMemoryUserDetailsManager
2024-12-09T20:38:20.180-05:00  WARN 10672 --- [           main] ion$DefaultTemplateResolverConfiguration : Cannot find template location: classpath:/templates/ (please add some templates, check your Thymeleaf configuration, or set spring.thymeleaf.check-template-location=false)
2024-12-09T20:38:20.507-05:00  INFO 10672 --- [           main] o.s.b.w.embedded.tomcat.TomcatWebServer  : Tomcat started on port 50599 (http) with context path '/'
2024-12-09T20:38:20.518-05:00  INFO 10672 --- [           main] c.t.b.BackEndAdminApplicationTests       : Started BackEndAdminApplicationTests in 19.437 seconds (process running for 20.568)
2024-12-09T20:38:21.199-05:00  INFO 10672 --- [o-auto-1-exec-1] o.a.c.c.C.[Tomcat].[localhost].[/]       : Initializing Spring DispatcherServlet 'dispatcherServlet'
2024-12-09T20:38:21.199-05:00  INFO 10672 --- [o-auto-1-exec-1] o.s.web.servlet.DispatcherServlet        : Initializing Servlet 'dispatcherServlet'
2024-12-09T20:38:21.200-05:00  INFO 10672 --- [o-auto-1-exec-1] o.s.web.servlet.DispatcherServlet        : Completed initialization in 1 ms
Hibernate: select a1_0.id,a1_0.año,a1_0.semestre from api_proyectos_año a1_0
]]></system-out>
    <system-err><![CDATA[Mockito is currently self-attaching to enable the inline-mock-maker. This will no longer work in future releases of the JDK. Please add Mockito as an agent to your build what is described in Mockito's documentation: https://javadoc.io/doc/org.mockito/mockito-core/latest/org/mockito/Mockito.html#0.3
WARNING: A Java agent has been loaded dynamically (C:\Users\Windows\.m2\repository\net\bytebuddy\byte-buddy-agent\1.15.10\byte-buddy-agent-1.15.10.jar)
WARNING: If a serviceability tool is in use, please run with -XX:+EnableDynamicAgentLoading to hide this warning
WARNING: If a serviceability tool is not in use, please run with -Djdk.instrument.traceUsage for more information
WARNING: Dynamic loading of agents will be disallowed by default in a future release
]]></system-err>
  </testcase>
  <testcase name="testObtenerProyectos" classname="com.tecsup.backendadmin.BackEndAdminApplicationTests" time="2.049">
    <system-out><![CDATA[Hibernate: select pi1_0.id,pi1_0.año_id,pi1_0.categoria_id,pi1_0.descripcion,pi1_0.documento,pi1_0.imagen,pi1_0.titulo,pi1_0.url_github,pi1_0.video from api_proyectos_proyectointegrador pi1_0
Hibernate: select a1_0.id,a1_0.año,a1_0.semestre from api_proyectos_año a1_0 where a1_0.id=?
Hibernate: select cp1_0.id,cp1_0.nombre from api_proyectos_categoriaproyecto cp1_0 where cp1_0.id=?
Hibernate: select cp1_0.id,cp1_0.nombre from api_proyectos_categoriaproyecto cp1_0 where cp1_0.id=?
Hibernate: select cp1_0.id,cp1_0.nombre from api_proyectos_categoriaproyecto cp1_0 where cp1_0.id=?
Hibernate: select cp1_0.id,cp1_0.nombre from api_proyectos_categoriaproyecto cp1_0 where cp1_0.id=?
Hibernate: select cp1_0.id,cp1_0.nombre from api_proyectos_categoriaproyecto cp1_0 where cp1_0.id=?
Hibernate: select a1_0.id,a1_0.año,a1_0.semestre from api_proyectos_año a1_0 where a1_0.id=?
Hibernate: select cp1_0.id,cp1_0.nombre from api_proyectos_categoriaproyecto cp1_0 where cp1_0.id=?
]]></system-out>
  </testcase>
  <testcase name="testObtenerCategorias" classname="com.tecsup.backendadmin.BackEndAdminApplicationTests" time="0.425">
    <system-out><![CDATA[Hibernate: select cp1_0.id,cp1_0.nombre from api_proyectos_categoriaproyecto cp1_0
]]></system-out>
  </testcase>
</testsuite>